03.08.2019 12:02:16, Text from: 506520476, Text: Ô‡Í
03.08.2019 12:56:25, Text from: 159580267, Text: –†
03.08.2019 13:32:23, Text from: 459319249, Text: –ù–∞—á–∞—Ç—å
03.08.2019 13:32:33, Text from: 459319249, Text: –ü–∞–∫
03.08.2019 14:59:21, Text from: 532860054, Text: –ü–∞–∫
03.08.2019 16:19:24, Text from: 452331334, Text: –ü–∞–∫
03.08.2019 19:00:01, Text from: 506520476, Text: –ü–∞–∫
03.08.2019 23:18:14, Text from: 412364095, Text: –ü–æ–º–æ—â—å
04.08.2019 00:42:23, Text from: 506520476, Text: –ü–∞–∫
04.08.2019 09:35:02, Text from: 410364302, Text: –ù–∞—á–∞—Ç—å
04.08.2019 11:18:20, Text from: 506520476, Text: –ü–∞–∫
05.08.2019 00:26:48, Text from: 162275288, Text: –ü–∏–∑–¥–∞ –¥–∞–π –ø–∞–∫
05.08.2019 00:27:03, Text from: 162275288, Text: –ü–∞–∫
05.08.2019 00:27:41, Text from: 162275288, Text: –ü–∞–∫
05.08.2019 11:09:01, Text from: 506520476, Text: –ü–∞–∫
05.08.2019 11:09:09, Text from: 506520476, Text: –ü–∞–∫
06.08.2019 07:09:04, Text from: 59485925, Text: –ü–∞–∫
06.08.2019 10:10:00, Text from: 546915486, Text: –ü–∞–∫
06.08.2019 11:54:14, Text from: 253418961, Text: –ù–∞—á–∞—Ç—å
06.08.2019 11:54:29, Text from: 253418961, Text: –ü–∞–∫
07.08.2019 08:52:21, Text from: 506520476, Text: –ü–∞–∫
07.08.2019 08:52:28, Text from: 506520476, Text: –ù–∞—á–∞—Ç—å
07.08.2019 08:52:31, Text from: 506520476, Text: –ü–∞–∫
07.08.2019 09:29:32, Text from: 506520476, Text: –ü–∞–∫
07.08.2019 14:52:40, Text from: 483459149, Text: –ù–∞—á–∞—Ç—å
07.08.2019 14:52:52, Text from: 483459149, Text: –ü–∞–∫
07.08.2019 14:53:34, Text from: 483459149, Text: –°–ø–∞—Å–∏–±–æ —Å—Ç—Ä–µ–º–Ω—ã–π –±–æ—Ç
07.08.2019 16:26:11, Text from: 554267554, Text: –ó–¥—Ä–∞–≤—Å—Ç–≤—É–π—Ç–µ! –ö–∞—á–µ—Å—Ç–≤–µ–Ω–Ω–æ –æ—Ñ–æ—Ä–º–ª–µ–Ω–Ω–∞—è –≥—Ä—É–ø–ø–∞ ‚Äî —ç—Ç–æ –∑–∞–ª–æ–≥ –±–æ–ª—å—à–æ–≥–æ –∫–æ–ª–∏—á–µ—Å—Ç–≤–∞ –æ–±—Ä–∞—â–µ–Ω–∏–π –∏ –∑–∞–∫–∞–∑–æ–≤. 
–í —Å–≤—è–∑–∏ —Å —ç—Ç–∏–º —É –Ω–∞—à–µ–π —Å—Ç—É–¥–∏–∏ –¥–∏–∑–∞–π–Ω–∞, –∫ –í–∞–º –ø—Ä–µ–¥–ª–æ–∂–µ–Ω–∏–µ: –æ—Å–Ω–æ–≤–Ω–æ–π –¥–∏–∑–∞–π–Ω –≥—Ä—É–ø–ø—ã: –æ–±–ª–æ–∂–∫–∞, –º–∏–Ω–∏–∞—Ç—é—Ä–∞, –º–µ–Ω—é –Ω–æ–≤–æ–≥–æ –≤–∏–¥–∞ –í–°–ï–ì–û –∑–∞ 1500 —Ä.
–ò —Ç–∞–∫ –∂–µ, –º—ã –î–ê–†–ò–ú –í–ò–î–ñ–ï–¢ –ø–æ–≤—ã—à–∞—é—â–∏–π –∫–æ–Ω–≤–µ—Ä—Å–∏—é.
–ö—Ä–æ–º–µ —ç—Ç–æ–≥–æ –º—ã —Å–æ–∑–¥–∞—ë–º –¥–∏–∑–∞–π–Ω –ª—é–±—ã—Ö –∏–∑–¥–µ–ª–∏–π ‚Äî –æ—Ç –≤–∏–∑–∏—Ç–æ–∫ –¥–æ –¥–∏–∑–∞–π–Ω-–ø—Ä–æ–µ–∫—Ç–æ–≤ –ø–æ–º–µ—â–µ–Ω–∏–π. 
(–ª–æ–≥–æ—Ç–∏–ø—ã, –ø–æ–ª–∏–≥—Ä–∞—Ñ–∏—è, —Ñ–∏—Ä–º–µ–Ω–Ω—ã–π —Å—Ç–∏–ª—å, –Ω–∞—Ä—É–∂–Ω–∞—è —Ä–µ–∫–ª–∞–º–∞, –¥–∏–∑–∞–π–Ω –ø—Ä–æ–µ–∫—Ç—ã –∏ –º–Ω–æ–≥–æ–µ –¥—Ä—É–≥–æ–µ.) 

–ò–Ω—Ç–µ—Ä–µ—Å–Ω–æ –Ω–∞—à–µ –ø—Ä–µ–¥–ª–æ–∂–µ–Ω–∏–µ? –ü–æ–∑–≤–æ–ª–∏—Ç–µ –º–Ω–µ, –≤—ã—Å–ª–∞—Ç—å –í–∞–º –ø–æ—Ä—Ç—Ñ–æ–ª–∏–æ –∏ –æ—Ç–∑—ã–≤—ã?
07.08.2019 21:31:42, Text from: 506520476, Text: –ü–∞–∫
07.08.2019 21:31:57, Text from: 506520476, Text: –ü–∞–∫
07.08.2019 21:59:17, Text from: 506520476, Text: –ü–∞–∫
07.08.2019 21:59:23, Text from: 506520476, Text: –ü–∞–∫
07.08.2019 21:59:27, Text from: 506520476, Text: –ü–∞–∫
07.08.2019 21:59:38, Text from: 506520476, Text: –ü–∞–∫
07.08.2019 22:03:56, Text from: 506520476, Text: –ü–∞–∫
07.08.2019 22:04:18, Text from: 506520476, Text: –ü–∞–∫
07.08.2019 22:04:19, Text from: 506520476, Text: –ü–∞–∫
07.08.2019 22:04:23, Text from: 506520476, Text: –ü–∞–∫
07.08.2019 22:04:24, Text from: 506520476, Text: –ü–∞–∫
07.08.2019 22:04:25, Text from: 506520476, Text: –ü–∞–∫
07.08.2019 22:04:26, Text from: 506520476, Text: –ü–∞–∫
07.08.2019 22:04:27, Text from: 506520476, Text: –ü–∞–∫
07.08.2019 22:04:50, Text from: 506520476, Text: –ü–∞–∫
07.08.2019 22:05:28, Text from: 506520476, Text: –ü–∞–∫
07.08.2019 22:06:00, Text from: 506520476, Text: –ü–∞–∫
07.08.2019 22:06:03, Text from: 506520476, Text: –ü–∞–∫
07.08.2019 22:06:05, Text from: 506520476, Text: –ü–∞–∫
07.08.2019 22:06:15, Text from: 506520476, Text: –ü–∞–∫
07.08.2019 22:06:16, Text from: 506520476, Text: –ü–∞–∫
07.08.2019 22:06:17, Text from: 506520476, Text: –ü–∞–∫
07.08.2019 22:06:18, Text from: 506520476, Text: –ü–∞–∫
07.08.2019 22:06:19, Text from: 506520476, Text: –ü–∞–∫
07.08.2019 22:06:20, Text from: 506520476, Text: –ü–∞–∫
07.08.2019 22:06:21, Text from: 506520476, Text: –ü–∞–∫
07.08.2019 22:06:22, Text from: 506520476, Text: –ü–∞–∫
07.08.2019 23:42:51, Text from: 138551841, Text: –•–∞–π
07.08.2019 23:42:58, Text from: 138551841, Text: –ü–∞–∫
08.08.2019 12:07:27, Text from: 407391590, Text: –Ω–∏—Ñ–∏–≥–∞ —Ç—ã –ø—Ä–æ–≥—Ä–∞–º–∏—Å—Ç
08.08.2019 12:07:38, Text from: 407391590, Text: –Ω—É –∫—É–¥–∞ –∂–µ —Ç—ã —É—à–µ–ª!
08.08.2019 12:07:53, Text from: 407391590, Text: –≤–æ—Ç –∏ —Ö–æ—Ä–æ—à–æ
08.08.2019 12:08:01, Text from: 407391590, Text: —è —Ä—ã–≥–Ω—É–ª
08.08.2019 15:53:07, Text from: 506520476, Text: –ü–∞–∫
08.08.2019 15:53:08, Text from: 506520476, Text: –ü–∞–∫
08.08.2019 15:54:40, Text from: 506520476, Text: –ü–∞–∫
08.08.2019 16:04:52, Text from: 506520476, Text: –ü–∞–∫
08.08.2019 16:04:56, Text from: 506520476, Text: –ü–∞–∫
08.08.2019 16:04:58, Text from: 506520476, Text: –ü–∞–∫
08.08.2019 16:05:31, Text from: 506520476, Text: –ü–∞–∫
08.08.2019 16:05:34, Text from: 506520476, Text: –ü–∞–∫
08.08.2019 16:08:49, Text from: 506520476, Text: –ü–∞–∫
08.08.2019 16:18:05, Text from: 506520476, Text: –ü–∞–∫
08.08.2019 16:27:38, Text from: 458729231, Text: –ü–∞–∫
08.08.2019 16:33:18, Text from: 506520476, Text: –ü–∞–∫
08.08.2019 18:03:13, Text from: 506520476, Text: –ü–∞–∫
10.08.2019 15:03:13, Text from: 68835597, Text: –ù–∞—á–∞—Ç—å
10.08.2019 20:21:10, Text from: 506520476, Text: –ü–∞–∫
11.08.2019 05:40:00, Text from: 434520285, Text: –ù–∞—á–∞—Ç—å
11.08.2019 05:40:10, Text from: 434520285, Text: –ü–∞–∫
11.08.2019 05:42:42, Text from: 434520285, Text: –ü–∞–∫
12.08.2019 07:28:39, Text from: 506520476, Text: –ü–∞–∫
12.08.2019 07:28:40, Text from: 506520476, Text: –ü–∞–∫
12.08.2019 07:28:45, Text from: 506520476, Text: –ü–∞–∫
12.08.2019 07:30:56, Text from: 264102869, Text: –ù–∞—á–∞—Ç—å
12.08.2019 07:31:09, Text from: 238818627, Text: –ù–∞—á–∞—Ç—å
12.08.2019 07:31:11, Text from: 264102869, Text: –ü–∞–∫
12.08.2019 07:31:19, Text from: 238818627, Text: –ü–∞–∫
12.08.2019 07:31:28, Text from: 264102869, Text: –ö–∏—Ç–∞–π –ø–∏–¥–æ—Ä)
12.08.2019 07:33:27, Text from: 301296767, Text: –ù–∞—á–∞—Ç—å
12.08.2019 07:33:34, Text from: 520684264, Text: –ù–∞—á–∞—Ç—å
12.08.2019 07:33:40, Text from: 500499377, Text: –ù–∞—á–∞—Ç—å
12.08.2019 07:33:40, Text from: 520684264, Text: –ü–∞–∫
12.08.2019 07:33:43, Text from: 520684264, Text: –ü–∞–∫
12.08.2019 07:33:44, Text from: 500499377, Text: –ü–∞–∫
12.08.2019 07:34:04, Text from: 259480128, Text: –ù–∞—á–∞—Ç—å
12.08.2019 07:34:10, Text from: 500499377, Text: –í–∏–¥–µ–æ
12.08.2019 07:34:14, Text from: 500499377, Text: –ü–∞–∫
12.08.2019 07:34:17, Text from: 259480128, Text: –ü–∞–∫
12.08.2019 07:34:39, Text from: 293094057, Text: –ü–æ—á–∞—Ç–∏
12.08.2019 07:34:40, Text from: 378341307, Text: –ù–∞—á–∞—Ç—å
12.08.2019 07:34:42, Text from: 293094057, Text: –ü–∞–∫
12.08.2019 07:34:47, Text from: 378341307, Text: –ü–∞–∫
12.08.2019 07:34:53, Text from: 411859769, Text: –∞?
12.08.2019 07:34:59, Text from: 411859769, Text: –ü–∞–∫
12.08.2019 07:35:34, Text from: 374496140, Text: Start
12.08.2019 07:35:36, Text from: 374496140, Text: –ü–∞–∫
12.08.2019 07:36:14, Text from: 385931382, Text: –ù–∞—á–∞—Ç—å
12.08.2019 07:36:17, Text from: 95739168, Text: –ù–∞—á–∞—Ç—å
12.08.2019 07:36:18, Text from: 419736437, Text: –ù–∞—á–∞—Ç—å
12.08.2019 07:36:25, Text from: 385931382, Text: –ü–∞–∫
12.08.2019 07:36:25, Text from: 95739168, Text: –ü–∞–∫
12.08.2019 07:36:45, Text from: 419736437, Text: –ü–∞–∫
12.08.2019 07:37:18, Text from: 448775232, Text: –ù–∞—á–∞—Ç—å
12.08.2019 07:37:25, Text from: 448775232, Text: –ü–∞–∫
12.08.2019 07:38:21, Text from: 248566138, Text: –ì–æ–Ω–∏ –ø–∞–∫
12.08.2019 07:38:25, Text from: 248566138, Text: –ü–∞–∫
12.08.2019 07:38:40, Text from: 541655490, Text: –ù–∞—á–∞—Ç—å
12.08.2019 07:38:51, Text from: 541655490, Text: –ü–∞–∫
12.08.2019 07:39:33, Text from: 304083895, Text: –ù–∞—á–∞—Ç—å
12.08.2019 07:39:40, Text from: 304083895, Text: –ü–∞–∫
12.08.2019 07:40:01, Text from: 233793484, Text: –ù–∞—á–∞—Ç—å
12.08.2019 07:40:09, Text from: 233793484, Text: –ü–∞–∫
12.08.2019 07:40:26, Text from: 267727145, Text: –ù–∞—á–∞—Ç—å
12.08.2019 07:40:43, Text from: 267727145, Text: –ü–∞–∫
12.08.2019 07:41:08, Text from: 516516386, Text: –ù–∞—á–∞—Ç—å
12.08.2019 07:41:11, Text from: 516516386, Text: –ü–∞–∫
12.08.2019 07:41:17, Text from: 549213553, Text: –ö–æ–º–∞–Ω–¥—ã
12.08.2019 07:41:26, Text from: 516516386, Text: –ü–∞–∫ —Å –ª–æ–ª—è–º–∏
12.08.2019 07:41:33, Text from: 549213553, Text: –ü–∞–∫
12.08.2019 07:41:39, Text from: 444070333, Text: –ù–∞—á–∞—Ç—å
12.08.2019 07:41:42, Text from: 444070333, Text: –ü–∞–∫
12.08.2019 07:42:25, Text from: 298838401, Text: –ù–∞—á–∞—Ç—å
12.08.2019 07:42:29, Text from: 298838401, Text: –ü–∞–∫
12.08.2019 07:42:52, Text from: 274902297, Text: –ü–∞–∫
12.08.2019 07:47:03, Text from: 278709275, Text: –ù–∞—á–∞—Ç—å
12.08.2019 07:47:10, Text from: 278709275, Text: –ü–∞–∫
12.08.2019 07:47:51, Text from: 311146011, Text: .
12.08.2019 07:47:54, Text from: 311146011, Text: –ü–∞–∫
12.08.2019 07:48:02, Text from: 448702792, Text: –ù–∞—á–∞—Ç—å
12.08.2019 07:48:12, Text from: 448702792, Text: –ü–∞–∫
12.08.2019 07:48:26, Text from: 414555035, Text: –ù–∞—á–∞—Ç—å
12.08.2019 07:48:34, Text from: 414555035, Text: –ü–∞–∫
12.08.2019 07:49:07, Text from: 524409887, Text: –ü–∞–∫
12.08.2019 07:51:37, Text from: 213584264, Text: –ù–∞—á–∞—Ç—å
12.08.2019 07:51:51, Text from: 213584264, Text: –ü–∞–∫
12.08.2019 07:52:58, Text from: 449489144, Text: –ù–∞—á–∞—Ç—å
12.08.2019 07:53:09, Text from: 449489144, Text: –ü–∞–∫
12.08.2019 07:55:37, Text from: 184391283, Text: –ù–∞—á–∞—Ç—å
12.08.2019 07:55:48, Text from: 520865312, Text: –†
12.08.2019 07:55:51, Text from: 520865312, Text: –ü–∞–∫
12.08.2019 07:55:56, Text from: 184391283, Text: –ü–∞–∫
12.08.2019 07:57:34, Text from: 520865312, Text: –ù–∞—á–∞—Ç—å
12.08.2019 07:57:41, Text from: 152157436, Text: –ù–∞—á–∞—Ç—å
12.08.2019 07:57:52, Text from: 520865312, Text: –ê—Ö–∞—Ö
12.08.2019 07:58:26, Text from: 152157436, Text: –ü–∞–∫
12.08.2019 08:00:02, Text from: 325141932, Text: –ù–∞—á–∞—Ç—å
12.08.2019 08:00:16, Text from: 325141932, Text: –ü–∞–∫
12.08.2019 08:00:54, Text from: 518728136, Text: –ù–∞—á–∞—Ç—å
12.08.2019 08:00:59, Text from: 518728136, Text: –ü–∞–∫
12.08.2019 08:01:57, Text from: 296222474, Text: –ù–∞—á–∞—Ç—å
12.08.2019 08:02:00, Text from: 296222474, Text: –ü–∞–∫
12.08.2019 08:02:31, Text from: 534848279, Text: –ù–∞—á–∞—Ç—å
12.08.2019 08:02:53, Text from: 275785916, Text: –ù–∞—á–∞—Ç—å
12.08.2019 08:03:00, Text from: 534848279, Text: –ø–∞–∫
12.08.2019 08:03:02, Text from: 275785916, Text: –ü–∞–∫
12.08.2019 08:03:18, Text from: 534848279, Text: –ü–∞–∫
12.08.2019 08:03:41, Text from: 477936972, Text: –ù–∞—á–∞—Ç—å
12.08.2019 08:03:44, Text from: 477936972, Text: –ü–∞–∫
12.08.2019 08:06:30, Text from: 301044676, Text: –ù–∞—á–∞—Ç—å
12.08.2019 08:06:34, Text from: 301044676, Text: –ü–∞–∫
12.08.2019 08:08:30, Text from: 292616139, Text: –ù–∞—á–∞—Ç—å
12.08.2019 08:08:45, Text from: 292616139, Text: –ü–∞–∫
12.08.2019 08:10:44, Text from: 466014909, Text: –ù–∞—á–∞—Ç—å
12.08.2019 08:10:54, Text from: 466014909, Text: –ü–∞–∫
12.08.2019 08:11:24, Text from: 488818887, Text: –¢—É—Ç —Ç–æ–∂–µ –µ—Å—Ç—å –±–æ—Ç
12.08.2019 08:11:29, Text from: 488818887, Text: –ü–∞–∫
12.08.2019 08:11:35, Text from: 488818887, Text: –ê —á—Ç–æ –µ—â—ë?
12.08.2019 08:12:16, Text from: 116837725, Text: –ù–∞—á–∞—Ç—å
12.08.2019 08:12:17, Text from: 514998779, Text: –õ–æ–ª–∏
12.08.2019 08:12:21, Text from: 514998779, Text: –ü–∞–∫
12.08.2019 08:12:37, Text from: 116837725, Text: –ü–∞–∫
12.08.2019 08:14:24, Text from: 440573672, Text: –ù–∞—á–∞—Ç—å
12.08.2019 08:14:25, Text from: 440573672, Text: –ù–∞—á–∞—Ç—å
12.08.2019 08:14:28, Text from: 449009281, Text: —Ç—É—Ç –µ—Å—Ç—å –±–æ—Ç?
12.08.2019 08:14:39, Text from: 274759453, Text: –ù–∞—á–∞—Ç—å
12.08.2019 08:14:39, Text from: 384713868, Text: –ù–∞—á–∞—Ç—å
12.08.2019 08:14:44, Text from: 449009281, Text: –∏ –≤—Å–µ?
12.08.2019 08:14:49, Text from: 274759453, Text: –ü–∞–∫
12.08.2019 08:14:50, Text from: 384713868, Text: –ü–∞–∫
12.08.2019 08:16:44, Text from: 365278237, Text: –ü—Ä–∏–≤–µ—Ç
12.08.2019 08:16:49, Text from: 365278237, Text: –ü–∞–∫
12.08.2019 08:27:28, Text from: 360045990, Text: –ù–∞—á–∞—Ç—å
12.08.2019 08:27:35, Text from: 360045990, Text: –ü–∞–∫
12.08.2019 08:31:08, Text from: 131351689, Text: –ù–∞—á–∞—Ç—å
12.08.2019 08:31:19, Text from: 247857804, Text: –ù–∞—á–∞—Ç—å
12.08.2019 08:31:19, Text from: 131351689, Text: –ü–∞–∫
12.08.2019 08:31:20, Text from: 143954277, Text: –ù–∞—á–∞—Ç—å
12.08.2019 08:31:30, Text from: 143954277, Text: –ü–∞–∫
12.08.2019 08:31:31, Text from: 247857804, Text: –ü–∞–∫
12.08.2019 08:31:59, Text from: 210652349, Text: –ù–∞—á–∞—Ç—å
12.08.2019 08:32:03, Text from: 210652349, Text: –ü–∞–∫
12.08.2019 08:33:22, Text from: 210652349, Text: –ü–∞–∫
12.08.2019 08:33:35, Text from: 210652349, Text: Hentai
12.08.2019 08:33:45, Text from: 210652349, Text: –•–æ—á—É
12.08.2019 08:34:13, Text from: 271035823, Text: –∞–µ
12.08.2019 08:34:18, Text from: 457343726, Text: –´
12.08.2019 08:34:22, Text from: 457343726, Text: –ü–∞–∫
12.08.2019 08:34:30, Text from: 271035823, Text: –ü–∞–∫
12.08.2019 08:35:35, Text from: 210843414, Text: –ù–∞—á–∞—Ç—å
12.08.2019 08:35:43, Text from: 210843414, Text: –ü–∞–∫
12.08.2019 08:36:25, Text from: 227508494, Text: –ù–∞—á–∞—Ç—å
12.08.2019 08:39:04, Text from: 271035823, Text: –ü–∞–∫
12.08.2019 08:43:18, Text from: 202862232, Text: –ù–∞—á–∞—Ç—å
12.08.2019 08:43:21, Text from: 202862232, Text: –ü–∞–∫
12.08.2019 08:43:29, Text from: 202862232, Text: –ü–∞–∫
12.08.2019 08:44:33, Text from: 283697917, Text: –ò
12.08.2019 08:44:40, Text from: 283697917, Text: –ü–∞–∫
12.08.2019 08:46:16, Text from: 253598253, Text: –ù–∞—á–∞—Ç—å
12.08.2019 08:52:22, Text from: 135946623, Text: –ù–∞—á–∞—Ç—å
12.08.2019 08:52:31, Text from: 135946623, Text: –ü–∞–∫
12.08.2019 08:52:31, Text from: 449864372, Text: –ù–∞—á–∞—Ç—å
12.08.2019 08:52:40, Text from: 449864372, Text: –ü–∞–∫
12.08.2019 08:58:24, Text from: 237537783, Text: –ù–∞—á–∞—Ç—å
12.08.2019 08:58:33, Text from: 237537783, Text: –ü–∞–∫
12.08.2019 08:59:30, Text from: 506520476, Text: –ü–∞–∫
12.08.2019 09:01:10, Text from: 366067091, Text: –ù–µ—É–∂–µ–ª–∏
12.08.2019 09:01:13, Text from: 366067091, Text: –ü–∞–∫
12.08.2019 09:01:17, Text from: 366067091, Text: –ü–∞–∫
12.08.2019 09:01:57, Text from: 180488860, Text: /
12.08.2019 09:02:10, Text from: 180488860, Text: –ü–∞–∫
12.08.2019 09:03:08, Text from: 447585881, Text: –ù–∞—á–∞—Ç—å
12.08.2019 09:03:13, Text from: 341685735, Text: –ù–∞—á–∞—Ç—å
12.08.2019 09:03:15, Text from: 341685735, Text: –ü–∞–∫
12.08.2019 09:03:24, Text from: 309996209, Text: –ü–∞–∫
12.08.2019 09:03:31, Text from: 309996209, Text: –ü–∞–∫
12.08.2019 09:03:43, Text from: 451597149, Text: –ù–∞—á–∞—Ç—å
12.08.2019 09:03:50, Text from: 309996209, Text: –ö–æ–º–∞–Ω–¥—ã
12.08.2019 09:03:52, Text from: 451597149, Text: –ü–∞–∫
12.08.2019 09:04:48, Text from: 447585881, Text: –ü–∞–∫
12.08.2019 09:08:31, Text from: 447585881, Text: –û–±–∏–¥–Ω–ª
12.08.2019 09:10:18, Text from: 350412229, Text: –ù–∞—á–∞—Ç—å
12.08.2019 09:10:27, Text from: 350412229, Text: –ü–∞–∫
12.08.2019 09:11:10, Text from: 433138583, Text: –ù–∞—á–∞—Ç—å
12.08.2019 09:11:14, Text from: 433138583, Text: –ü–∞–∫
12.08.2019 09:11:23, Text from: 433138583, Text: –ü–∞–∫
12.08.2019 09:11:52, Text from: 154169883, Text: –ù–∞—á–∞—Ç—å
12.08.2019 09:11:59, Text from: 154169883, Text: –ü–∞–∫
12.08.2019 09:12:40, Text from: 341325922, Text: –ù–∞—á–∞—Ç—å
12.08.2019 09:12:52, Text from: 341325922, Text: –ü–∞–∫
12.08.2019 09:16:57, Text from: 218867698, Text: –ù—è?
12.08.2019 09:17:04, Text from: 218867698, Text: –ü–∞–∫
12.08.2019 09:22:51, Text from: 453976816, Text: –ù–∞—á–∞—Ç—å
12.08.2019 09:22:55, Text from: 453976816, Text: –ü–∞–∫
12.08.2019 09:23:07, Text from: 410939526, Text: –ù–∞—á–∞—Ç—å
12.08.2019 09:23:17, Text from: 410939526, Text: –ü–∞–∫
12.08.2019 09:26:23, Text from: 410939526, Text: –ü–∞–∫
12.08.2019 09:28:22, Text from: 351850205, Text: Start
12.08.2019 09:28:24, Text from: 351850205, Text: –ü–∞–∫
12.08.2019 09:32:39, Text from: 538619804, Text: Start
12.08.2019 09:32:41, Text from: 538619804, Text: –ü–∞–∫
12.08.2019 09:37:23, Text from: 175550306, Text: –ü–∞–∫ —Å –ª–æ–ª—è–º–∏
12.08.2019 09:37:26, Text from: 175550306, Text: –ü–∞–∫
12.08.2019 09:41:29, Text from: 185385805, Text: –ù–∞—á–∞—Ç—å
12.08.2019 09:41:32, Text from: 185385805, Text: –ü–∞–∫
12.08.2019 09:43:07, Text from: 150543665, Text: –ù–∞—á–∞—Ç—å
12.08.2019 09:43:15, Text from: 231508222, Text: –ù–∞—á–∞—Ç—å
12.08.2019 09:43:17, Text from: 150543665, Text: –ü–∞–∫
12.08.2019 09:43:42, Text from: 451965584, Text: –ü—Ä–∏–≤–µ—Ç, –±–æ—Ç
12.08.2019 09:43:54, Text from: 451965584, Text: –ü–∞–∫
12.08.2019 09:44:04, Text from: 231489575, Text: –ù–∞—á–∞—Ç—å
12.08.2019 09:44:17, Text from: 231489575, Text: –ü–∞–∫
12.08.2019 09:44:27, Text from: 231508222, Text: –ü–∞–∫
12.08.2019 09:48:00, Text from: 389614892, Text: –ù–∞—á–∞—Ç—å
12.08.2019 09:48:07, Text from: 389614892, Text: –ü–∞–∫
12.08.2019 09:48:12, Text from: 389614892, Text: –ü–∞–∫
12.08.2019 09:48:22, Text from: 346417765, Text: –ù–∞—á–∞—Ç—å
12.08.2019 09:48:25, Text from: 346417765, Text: –ü–∞–∫
12.08.2019 09:48:54, Text from: 367915628, Text: Start
12.08.2019 09:48:58, Text from: 367915628, Text: –ü–∞–∫
12.08.2019 09:51:39, Text from: 77476396, Text: –ù–∞—á–∞—Ç—å
12.08.2019 09:51:51, Text from: 77476396, Text: –ü–∞–∫
12.08.2019 09:58:27, Text from: 153484238, Text: –ù–∞—á–∞—Ç—å
12.08.2019 09:58:39, Text from: 153484238, Text: –ü–∞–∫
12.08.2019 09:58:58, Text from: 153484238, Text: –ü–∞–∫
12.08.2019 10:05:10, Text from: 225441070, Text: –ù–∞—á–∞—Ç—å
12.08.2019 10:05:22, Text from: 225441070, Text: –ü–∞–∫
12.08.2019 10:15:32, Text from: 212344865, Text: –ù–∞—á–∞—Ç—å
12.08.2019 10:15:48, Text from: 212344865, Text: –ü–∞–∫
12.08.2019 10:20:08, Text from: 214276825, Text: –ù–∞—á–∞—Ç—å
12.08.2019 10:20:14, Text from: 214276825, Text: –ü–∞–∫
12.08.2019 10:22:10, Text from: 549213553, Text: –í–∏–¥–µ–æ
12.08.2019 10:27:31, Text from: 337046067, Text: .
12.08.2019 10:27:49, Text from: 337046067, Text: –°–ø–∞—Å–∏–±... –ù–æ —è –Ω–µ —Ç–∞–∫–æ–π...
12.08.2019 10:35:28, Text from: 463726525, Text: –∫–æ–º–∞–Ω–¥—ã
12.08.2019 10:35:54, Text from: 463726525, Text: –ø–∞–∫
12.08.2019 10:35:59, Text from: 463726525, Text: –ø–∞–∫
12.08.2019 10:36:01, Text from: 463726525, Text: –ø–∞–∫
12.08.2019 10:36:04, Text from: 463726525, Text: –ø–∞–∫
12.08.2019 10:37:07, Text from: 34809412, Text: Start
12.08.2019 10:37:09, Text from: 34809412, Text: –ü–∞–∫
12.08.2019 10:42:44, Text from: 288405179, Text: –ù–∞—á–∞—Ç—å
12.08.2019 10:43:00, Text from: 288405179, Text: –ü–∞–∫
12.08.2019 10:43:34, Text from: 448286548, Text: –ü–∞–∫
12.08.2019 10:43:41, Text from: 134225516, Text: –ù–∞—á–∞—Ç—å
12.08.2019 10:43:55, Text from: 134225516, Text: –ü–∞–∫
12.08.2019 10:46:46, Text from: 503446459, Text: –ù–∞—á–∞—Ç—å
12.08.2019 10:46:58, Text from: 503446459, Text: –ü–∞–∫
12.08.2019 10:47:33, Text from: 464798730, Text: –ù–∞—á–∞—Ç—å
12.08.2019 10:47:39, Text from: 464798730, Text: –ü–∞–∫
12.08.2019 10:57:31, Text from: 269903114, Text: –ù–∞—á–∞—Ç—å
12.08.2019 10:57:40, Text from: 269903114, Text: –ü–∞–∫
12.08.2019 10:58:00, Text from: 256417899, Text: –ù–∞—á–∞—Ç—å
12.08.2019 10:58:18, Text from: 256417899, Text: –ü–∞–∫
12.08.2019 10:58:27, Text from: 256417899, Text: –ê—Ä—Ç
12.08.2019 10:59:15, Text from: 302431261, Text: –ù–∞—á–∞—Ç—å
12.08.2019 10:59:24, Text from: 302431261, Text: –ü–∞–∫
12.08.2019 11:01:57, Text from: 202892541, Text: –ù–∞—á–∞—Ç—å
12.08.2019 11:02:01, Text from: 202892541, Text: –ü–∞–∫
12.08.2019 11:07:03, Text from: 286938134, Text: –ù–∞—á–∞—Ç—å
12.08.2019 11:07:39, Text from: 286938134, Text: –ü–∞–∫
12.08.2019 11:12:41, Text from: 274289729, Text: –ù–∞—á–∞—Ç—å
12.08.2019 11:12:57, Text from: 274289729, Text: –ü–∞–∫
12.08.2019 11:21:30, Text from: 227009744, Text: –ù–∞—á–∞—Ç—å
12.08.2019 11:21:59, Text from: 227009744, Text: –ü–∞–∫
12.08.2019 11:22:35, Text from: 271422140, Text: –ø–∞–∫
12.08.2019 11:23:42, Text from: 545479260, Text: –ù–∞—á–∞—Ç—å
12.08.2019 11:23:53, Text from: 545479260, Text: –ü–∞–∫
12.08.2019 11:23:56, Text from: 545479260, Text: –ü–∞–∫
12.08.2019 11:26:43, Text from: 166737817, Text: –ü–∞–∫
12.08.2019 11:34:21, Text from: 484303120, Text: –ù–∞—á–∞—Ç—å
12.08.2019 11:34:29, Text from: 484303120, Text: –ü–∞–∫
12.08.2019 11:36:17, Text from: 280762375, Text: .
12.08.2019 11:36:21, Text from: 280762375, Text: –ü–∞–∫
12.08.2019 11:38:30, Text from: 39014992, Text: Start
12.08.2019 11:38:34, Text from: 39014992, Text: –ü–∞–∫
12.08.2019 11:45:32, Text from: 186835367, Text: –ù–∞—á–∞—Ç—Ç
12.08.2019 11:45:34, Text from: 186835367, Text: –ü–∞–∫
12.08.2019 11:45:36, Text from: 186835367, Text: –ü–∞–∫
12.08.2019 11:45:38, Text from: 431330782, Text: –ù–∞—á–∞—Ç—å
12.08.2019 11:45:50, Text from: 431330782, Text: –ü–∞–∫
12.08.2019 11:49:40, Text from: 258558025, Text: –ù–∞—á–∞—Ç—å
12.08.2019 11:49:50, Text from: 258558025, Text: –ü–∞–∫
12.08.2019 11:59:31, Text from: 489864127, Text: –ù–∞—á–∞—Ç—å
12.08.2019 11:59:34, Text from: 489864127, Text: –ü–∞–∫
12.08.2019 12:06:19, Text from: 227508494, Text: –ü–∞–∫
12.08.2019 12:06:23, Text from: 227508494, Text: –ü–∞–∫
12.08.2019 12:08:27, Text from: 258558025, Text: –ü–∞–∫
12.08.2019 12:08:30, Text from: 258558025, Text: –ü–∞–∫
12.08.2019 12:11:45, Text from: 552482456, Text: –ù–∞—á–∞—Ç—å
12.08.2019 12:11:53, Text from: 552482456, Text: –ü–∞–∫
12.08.2019 12:12:20, Text from: 366283204, Text: –ù–∞—á–∞—Ç—å
12.08.2019 12:12:34, Text from: 366283204, Text: –ü–∞–∫
12.08.2019 12:13:00, Text from: 366283204, Text: –ü–∞–∫
12.08.2019 12:23:16, Text from: 162985238, Text: –ù–∞—á–∞—Ç—å
12.08.2019 12:23:23, Text from: 162985238, Text: –ü–∞–∫
12.08.2019 12:24:10, Text from: 162985238, Text: –ü–∞–∫
12.08.2019 12:24:13, Text from: 162985238, Text: –ü–∞–∫
12.08.2019 12:28:36, Text from: 520684264, Text: –ü–∞–∫
12.08.2019 12:33:35, Text from: 360395045, Text: –ù–∞—á–∞—Ç—å
12.08.2019 12:34:46, Text from: 360395045, Text: –ü–∞–∫
12.08.2019 12:35:04, Text from: 409899951, Text: –ù–∞—á–∞—Ç—å
12.08.2019 12:35:22, Text from: 409899951, Text: –ü–∞–∫
12.08.2019 12:38:59, Text from: 328760180, Text: –ù–∞—á–∞—Ç—å
12.08.2019 12:39:09, Text from: 328760180, Text: –ü–∞–∫
12.08.2019 12:40:02, Text from: 387077775, Text: –ù–∞—á–∞—Ç—å
12.08.2019 12:40:13, Text from: 387077775, Text: –ü–∞–∫
12.08.2019 12:40:29, Text from: 387077775, Text: –ü–∞–∫
12.08.2019 12:50:41, Text from: 182116778, Text: –ü–∞–∫
12.08.2019 12:52:32, Text from: 35142475, Text: –ù–∞—á–∞—Ç—å
12.08.2019 12:52:45, Text from: 35142475, Text: –ü–∞–∫
12.08.2019 12:52:50, Text from: 35142475, Text: –ü–∞–∫
12.08.2019 12:52:58, Text from: 35142475, Text: –ü–∞–∫
12.08.2019 12:59:58, Text from: 478167061, Text: –ù–∞—á–∞—Ç—å
12.08.2019 13:00:07, Text from: 478167061, Text: –ü–∞–∫
12.08.2019 13:00:35, Text from: 440183295, Text: –ù–∞—á–∞—Ç—å
12.08.2019 13:00:37, Text from: 440183295, Text: –ü–∞–∫
12.08.2019 13:00:42, Text from: 440183295, Text: –ü–∞–∫
12.08.2019 13:03:07, Text from: 154095168, Text: –ù–∞—á–∞—Ç—å
12.08.2019 13:03:14, Text from: 154095168, Text: –ü–∞–∫
12.08.2019 13:04:10, Text from: 481718702, Text: –ù–∞—á–∞—Ç—å
12.08.2019 13:04:22, Text from: 481718702, Text: –ü–∞–∫
12.08.2019 13:04:53, Text from: 486829747, Text: –ù–∞—á–∞—Ç—å
12.08.2019 13:05:03, Text from: 486829747, Text: –ü–∞–∫
12.08.2019 13:19:35, Text from: 484764534, Text: –ù–∞—á–∞—Ç—å
12.08.2019 13:19:44, Text from: 484764534, Text: –ü–∞–∫
12.08.2019 13:24:26, Text from: 472630647, Text: –±–æ—Ç?
12.08.2019 13:24:32, Text from: 472630647, Text: –ü–∞–∫
12.08.2019 13:26:35, Text from: 227433894, Text: –ø—Ä–∏–≤–µ—Ç, –±–æ—Ç
12.08.2019 13:26:48, Text from: 227433894, Text: –ø–∞–∫
12.08.2019 13:26:55, Text from: 227433894, Text: –ø–∞–∫
12.08.2019 13:26:57, Text from: 227433894, Text: –ø–∞–∫
12.08.2019 13:26:58, Text from: 227433894, Text: –ø–∞–∫
12.08.2019 13:26:59, Text from: 227433894, Text: –ø–∞–∫
12.08.2019 13:27:03, Text from: 227433894, Text: –ü–∞–∫
12.08.2019 13:27:03, Text from: 227433894, Text: –ü–∞–∫
12.08.2019 13:27:04, Text from: 227433894, Text: –ü–∞–∫
12.08.2019 13:27:05, Text from: 227433894, Text: –ü–∞–∫
12.08.2019 13:27:08, Text from: 227433894, Text: –ü–∞–∫
12.08.2019 13:27:09, Text from: 227433894, Text: –ü–∞–∫
12.08.2019 13:27:10, Text from: 227433894, Text: –ü–∞–∫
12.08.2019 13:27:34, Text from: 506520476, Text: –ü–∞–∫
12.08.2019 13:39:10, Text from: 211146793, Text: –ù–∞—á–∞—Ç—å
12.08.2019 13:39:20, Text from: 211146793, Text: –ü–∞–∫
12.08.2019 13:40:22, Text from: 211146793, Text: –¢–∞–∫–æ–π –∂–µ –ø–∞–∫ —è —Å–∫–∞—á–∞–ª —Å –¥—Ä—É–≥–æ–≥–æ —Å–æ–æ–±—â–µ—Å—Ç–≤–∞ –ø—Ä–∏–º–µ—Ä–Ω–æ 2 –º–µ—Å—è—Ü–∞ –Ω–∞–∑–∞–¥
12.08.2019 13:40:25, Text from: 304914042, Text: –ù–∞—á–∞—Ç—å
12.08.2019 13:40:34, Text from: 304914042, Text: –ü–∞–∫
12.08.2019 13:43:53, Text from: 286098074, Text: –ù–∞—á–∞—Ç—å
12.08.2019 13:44:13, Text from: 286098074, Text: –ü–∞–∫
12.08.2019 13:44:31, Text from: 279349545, Text: –ù–∞—á–∞—Ç—å
12.08.2019 13:44:39, Text from: 279349545, Text: –ü–∞–∫
12.08.2019 13:47:12, Text from: 279349545, Text: –ü–∞–∫
12.08.2019 13:47:15, Text from: 279349545, Text: –ü–∞–∫
12.08.2019 13:58:36, Text from: 286638371, Text: –ù–∞—á–∞—Ç—å
12.08.2019 13:58:40, Text from: 286638371, Text: –ü–∞–∫
12.08.2019 13:59:02, Text from: 286638371, Text: –ü–∞–∫
12.08.2019 14:06:11, Text from: 192177389, Text: –ù–∞—á–∞—Ç—å
12.08.2019 14:06:17, Text from: 192177389, Text: –ü–∞–∫
12.08.2019 14:11:12, Text from: 442283645, Text: –ù–∞—á–∞—Ç—å
12.08.2019 14:11:19, Text from: 442283645, Text: –ü–∞–∫
12.08.2019 14:23:33, Text from: 414098090, Text: –ù–∞—á–∞—Ç—å
12.08.2019 14:23:45, Text from: 414098090, Text: –ü–∞–∫
12.08.2019 14:31:19, Text from: 350332648, Text: –ù–∞—á–∞—Ç—å
12.08.2019 14:31:31, Text from: 350332648, Text: –ü–∞–∫
12.08.2019 14:38:16, Text from: 327776426, Text: –ù–∞—á–∞—Ç—å
12.08.2019 14:40:20, Text from: 496613268, Text: –ù–∞—á–∞—Ç—å
12.08.2019 14:40:26, Text from: 496613268, Text: –ü–∞–∫
12.08.2019 14:40:31, Text from: 496613268, Text: –•–µ–Ω—Ç–∞–π
12.08.2019 14:50:03, Text from: 536595871, Text: –ù–∞—á–∞—Ç—å
12.08.2019 14:50:11, Text from: 536595871, Text: –ü–∞–∫
12.08.2019 14:56:48, Text from: 536595871, Text: –ü–∞–∫
12.08.2019 14:58:56, Text from: 551345430, Text: –ù–∞—á–∞—Ç—å
12.08.2019 14:59:23, Text from: 449489144, Text: –ü–∞–∫
12.08.2019 15:13:57, Text from: 64616135, Text: –ù–∞—á–∞—Ç—å
12.08.2019 15:14:01, Text from: 64616135, Text: –ü–∞–∫
12.08.2019 15:14:04, Text from: 64616135, Text: –ü–∞–∫
12.08.2019 15:14:07, Text from: 64616135, Text: –ü–∞–∫
12.08.2019 15:14:16, Text from: 64616135, Text: –ü–æ–º–æ—â—å
12.08.2019 15:26:53, Text from: 466165324, Text: –ù–∞—á–∞—Ç—å
12.08.2019 15:27:08, Text from: 466165324, Text: –ü–∞–∫
12.08.2019 15:42:14, Text from: 341325922, Text: –ü–∞–∫
12.08.2019 15:42:16, Text from: 341325922, Text: –ü–∞–∫
12.08.2019 15:42:18, Text from: 341325922, Text: –ü–∞–∫
12.08.2019 16:18:50, Text from: 193981524, Text: –ù–∞—á–∞—Ç—å
12.08.2019 16:19:01, Text from: 193981524, Text: –ü–∞–∫
12.08.2019 16:45:25, Text from: 518749719, Text: –ù–∞—á–∞—Ç—å
12.08.2019 16:45:37, Text from: 518749719, Text: –ü–∞–∫
12.08.2019 17:20:45, Text from: 327776426, Text: –ü–∞–∫
12.08.2019 18:51:31, Text from: 513241053, Text: –ù–∞—á–∞—Ç—å
12.08.2019 18:51:45, Text from: 513241053, Text: –ü–∞–∫
12.08.2019 19:00:58, Text from: 197739340, Text: –ù–∞—á–∞—Ç—å
12.08.2019 19:01:01, Text from: 197739340, Text: –ü–∞–∫
12.08.2019 19:07:42, Text from: 476914596, Text: ‚ù§‚ù§
‚ù§     ‚ù§
‚ù§     ‚ù§
  ‚ù§‚ù§
12.08.2019 19:52:18, Text from: 550646394, Text: –ù–∞—á–∞—Ç—å
12.08.2019 19:52:22, Text from: 550646394, Text: –ü–∞–∫
12.08.2019 20:50:13, Text from: 327776426, Text: –ü–∞–∫
12.08.2019 21:27:14, Text from: 259971377, Text: –ù–∞—á–∞—Ç—å
12.08.2019 21:27:25, Text from: 259971377, Text: –ü–∞–∫
12.08.2019 21:31:31, Text from: 301296767, Text: –ü–∞–∫
12.08.2019 22:02:50, Text from: 445611491, Text: –ù–∞—á–∞—Ç—å
12.08.2019 22:02:56, Text from: 445611491, Text: –ü–∞–∫
12.08.2019 22:49:21, Text from: 506734802, Text: –ù–∞—á–∞—Ç—å
12.08.2019 22:49:33, Text from: 506734802, Text: –ü–∞–∫
12.08.2019 22:50:16, Text from: 506734802, Text: –ü–∞–∫
12.08.2019 22:50:57, Text from: 544412585, Text: –ü–∞–∫
12.08.2019 22:51:46, Text from: 544412585, Text: –ü–∞–∫
12.08.2019 22:51:53, Text from: 544412585, Text: –ü–∞–∫
12.08.2019 22:51:59, Text from: 544412585, Text: –§—É–ª–ª
12.08.2019 22:53:42, Text from: 190396279, Text: –ù–∞—á–∞—Ç—å
12.08.2019 22:53:46, Text from: 190396279, Text: –ü–∞–∫
12.08.2019 22:55:26, Text from: 190396279, Text: –ü–∞–∫
12.08.2019 22:57:47, Text from: 382278885, Text: –ù–∞—á–∞—Ç—å
12.08.2019 22:57:52, Text from: 382278885, Text: –ü–∞–∫
12.08.2019 22:58:53, Text from: 382278885, Text: –ü–∞–∫
12.08.2019 22:59:00, Text from: 382278885, Text: –õ–æ–ª–∏
12.08.2019 22:59:04, Text from: 382278885, Text: –ü–∞–∫
12.08.2019 22:59:05, Text from: 382278885, Text: –ü–∞–∫
12.08.2019 23:38:29, Text from: 517979176, Text: –ù–∞—á–∞—Ç—å
12.08.2019 23:38:33, Text from: 517979176, Text: –ü–∞–∫
12.08.2019 23:38:55, Text from: 517979176, Text: –ü–∞–∫
13.08.2019 00:33:18, Text from: 454036592, Text: –ù–∞—á–∞—Ç—å
13.08.2019 00:33:29, Text from: 454036592, Text: –ü–∞–∫
13.08.2019 00:33:36, Text from: 454036592, Text: –ü–∞–∫
13.08.2019 00:33:41, Text from: 454036592, Text: –ü–∞–∫
13.08.2019 01:02:22, Text from: 533973160, Text: –ù–∞—á–∞—Ç—å
13.08.2019 01:02:39, Text from: 533973160, Text: –ë–ª—è,  –Ω–µ —Ç–æ
13.08.2019 01:02:40, Text from: 533973160, Text: –ö–∞—Ä–æ—á
13.08.2019 01:02:48, Text from: 533973160, Text: –ü–æ—Ö
13.08.2019 01:03:37, Text from: 533973160, Text: –ü–∞–∫
13.08.2019 02:06:12, Text from: 274289729, Text: –π
13.08.2019 04:33:45, Text from: 431330782, Text: –ü–∞–∫
13.08.2019 04:43:30, Text from: 440573672, Text: –ü–∞–∫
13.08.2019 10:00:33, Text from: 84189503, Text: –ü–∞–∫
13.08.2019 10:14:08, Text from: 197352076, Text: –ù–∞—á–∞—Ç—å
13.08.2019 10:14:51, Text from: 197352076, Text: –ü–∞–∫
13.08.2019 11:35:06, Text from: 301296767, Text: –ü–∞–∫
13.08.2019 13:12:25, Text from: 130873059, Text: –ù–∞—á–∞—Ç—å
13.08.2019 13:12:32, Text from: 130873059, Text: –ü–∞–∫
13.08.2019 13:30:53, Text from: 523733016, Text: –ù–∞—á–∞—Ç—å
13.08.2019 13:31:03, Text from: 523733016, Text: –ü–∞–∫
13.08.2019 13:50:37, Text from: 551345430, Text: –ü–∞–∫
13.08.2019 14:56:46, Text from: 246142048, Text: –ë–æ—Ç
13.08.2019 14:56:49, Text from: 246142048, Text: –ü–∞–∫
13.08.2019 15:02:44, Text from: 400115387, Text: –ù–∞—á–∞—Ç—å
13.08.2019 15:02:47, Text from: 400115387, Text: –ü–∞–∫
13.08.2019 16:24:47, Text from: 449009281, Text: –ü–∞–∫
13.08.2019 16:24:59, Text from: 449009281, Text: –ò –≤—Å–µ?
13.08.2019 21:47:59, Text from: 175544960, Text: –ù–∞—á–∞—Ç—å
13.08.2019 21:48:09, Text from: 175544960, Text: gfr
13.08.2019 21:48:12, Text from: 175544960, Text: –ü–∞–∫
13.08.2019 21:50:14, Text from: 133605268, Text: –ù–∞—á–∞—Ç—å
13.08.2019 21:50:26, Text from: 133605268, Text: –ü–∞–∫
13.08.2019 23:05:34, Text from: 206981220, Text: –ù–∞—á–∞—Ç—å
13.08.2019 23:05:43, Text from: 206981220, Text: –ü–∞–∫
13.08.2019 23:14:37, Text from: 228755188, Text: –ù–∞—á–∞—Ç—å
13.08.2019 23:14:45, Text from: 228755188, Text: –ü–∞–∫
13.08.2019 23:29:28, Text from: 313410955, Text: –ù–∞—á–∞—Ç—å
13.08.2019 23:29:37, Text from: 313410955, Text: –ü–∞–∫
13.08.2019 23:29:40, Text from: 313410955, Text: –ü–∞–∫
13.08.2019 23:30:31, Text from: 313410955, Text: –ù–∞—á–∞—Ç—å
14.08.2019 12:45:43, Text from: 293094057, Text: –ü–∞–∫
14.08.2019 12:45:44, Text from: 293094057, Text: –ü–∞–∫
14.08.2019 12:45:45, Text from: 293094057, Text: –ü–∞–∫
14.08.2019 12:45:46, Text from: 293094057, Text: –ü–∞–∫
14.08.2019 12:45:47, Text from: 293094057, Text: –ü–∞–∫
14.08.2019 12:45:48, Text from: 293094057, Text: –ü–∞–∫
14.08.2019 21:44:37, Text from: 506520476, Text: –ü–∞–∫
14.08.2019 21:44:37, Text from: 506520476, Text: –ü–∞–∫
14.08.2019 22:40:49, Text from: 455050021, Text: –ø—Ä–∏–≤–µ—Ç! –Ω—É–∂–µ–Ω –≤–ø—à–µ—Ä?
14.08.2019 22:41:11, Text from: 455050021, Text: –±–ª—è—è—è—è—è—è—è
15.08.2019 12:10:05, Text from: 411687364, Text: –ù–∞—á–∞—Ç—å
15.08.2019 12:10:08, Text from: 411687364, Text: –ü–∞–∫
15.08.2019 12:10:11, Text from: 411687364, Text: –ü–∞–∫
15.08.2019 12:10:12, Text from: 411687364, Text: –ü–∞–∫
15.08.2019 12:10:13, Text from: 411687364, Text: –ü–∞–∫
15.08.2019 13:54:09, Text from: 483062761, Text: –ù–∞—á–∞—Ç—å
15.08.2019 13:54:20, Text from: 483062761, Text: –ü–∞–∫
15.08.2019 13:54:27, Text from: 483062761, Text: –ú–∞–Ω–≥–∞
15.08.2019 15:52:44, Text from: 313410955, Text: –ü–∞–∫
