17.08.2019 16:28:11, Text from: 506520476, Text: Начать
17.08.2019 16:28:14, Text from: 506520476, Text: Пак
17.08.2019 16:30:04, Text from: 506520476, Text: Пак
17.08.2019 16:37:13, Text from: 506520476, Text: Пак
17.08.2019 16:37:17, Text from: 506520476, Text: Пак
17.08.2019 16:37:27, Text from: 404849597, Text: Начать
17.08.2019 16:37:35, Text from: 404849597, Text: Пак
17.08.2019 16:37:57, Text from: 404849597, Text: Ну че сука
17.08.2019 16:38:00, Text from: 404849597, Text: Я пришёл ебать тебя
17.08.2019 16:38:14, Text from: 404849597, Text: Китай,иди нахуй)0
26.08.2019 15:14:53, Text from: 506520476, Text: Тт
08.09.2019 12:15:35, Text from: 550760548, Text: ддз кик
08.09.2019 12:17:55, Text from: 550760548, Text: //
08.09.2019 12:18:16, Text from: 550760548, Text: ддз кик mrkingwarfreme
08.09.2019 12:18:24, Text from: 550760548, Text: ..
08.09.2019 12:18:39, Text from: 550760548, Text: ддз кик [id123728437|@mrkingwarfreme]
08.09.2019 12:18:49, Text from: 550760548, Text: f ,kz
08.09.2019 12:19:16, Text from: 506520476, Text: Ддз повысить [id550760548|@id550760548]
08.09.2019 12:19:27, Text from: 506520476, Text: Помощь
08.09.2019 12:19:28, Text from: -166545677, Text: 08.09.2019 12:19:26, Text from: 506520476, Text: Помощь Status: Completed
08.09.2019 12:19:28, Text from: -166545677, Text: 08.09.2019 12:19:27, Text from: 506520476, Text: Помощь Status: Completed
08.09.2019 12:19:42, Text from: 506520476, Text: Ддз повысить [id550760548|@id550760548]
08.09.2019 12:22:40, Text from: 506520476, Text: ддз повысить [id550760548|@id550760548]
08.09.2019 12:22:46, Text from: 506520476, Text: ..
08.09.2019 12:22:53, Text from: 506520476, Text: Мда
08.09.2019 12:23:29, Text from: 506520476, Text: ддз повысить [id550760548|@id550760548]
08.09.2019 12:23:56, Text from: 550760548, Text: пак
08.09.2019 12:23:58, Text from: -166545677, Text: 08.09.2019 12:23:55, Text from: 550760548, Text: пак Status: Completed
08.09.2019 12:23:58, Text from: -166545677, Text: 08.09.2019 12:23:56, Text from: 550760548, Text: пак Status: Completed
08.09.2019 12:35:40, Text from: 466466685, Text: отн статус
08.09.2019 12:35:42, Text from: 466466685, Text: оло
08.09.2019 12:35:48, Text from: 506520476, Text: ддз повысить [id550760548|@id550760548]
08.09.2019 12:35:54, Text from: 506520476, Text: Заебись
08.09.2019 12:35:57, Text from: 466466685, Text: отн статус
08.09.2019 12:36:06, Text from: 466466685, Text: ясно пиздэц
08.09.2019 12:36:09, Text from: 506520476, Text: ддз повысить [id550760548|@id550760548]
08.09.2019 12:36:18, Text from: 506520476, Text: ддз повысить [id550760548|@id550760548]
08.09.2019 12:36:38, Text from: 506520476, Text: ддз повысить [id550760548|@id550760548]
08.09.2019 12:42:09, Text from: 550760548, Text: ддз кик [id123728437|@mrkingwarfreme]
08.09.2019 12:42:19, Text from: 550760548, Text: ебааа
08.09.2019 12:42:40, Text from: 550760548, Text: мать моя ддз
08.09.2019 12:42:58, Text from: 506520476, Text: 
08.09.2019 12:43:18, Text from: 550760548, Text: Ддз кИк [id123728437|@mrkingwarfreme]
08.09.2019 12:43:29, Text from: 550760548, Text: ерок
08.09.2019 12:43:59, Text from: 550760548, Text: ддз кик [id506520476|@id506520476]
08.09.2019 12:44:25, Text from: 550760548, Text: ддз кик [id506520476|Няша]
08.09.2019 12:44:34, Text from: 550760548, Text: ye nen rfr ,s lf
08.09.2019 12:44:39, Text from: 550760548, Text: бл
08.09.2019 12:44:51, Text from: 506520476, Text: 
08.09.2019 12:46:14, Text from: 261006588, Text: сходи купи
08.09.2019 12:46:14, Text from: 261006588, Text: сходи купи
08.09.2019 12:47:11, Text from: 548047058, Text: Welcome to osu!
08.09.2019 12:47:11, Text from: 548047058, Text: Welcome to osu!
08.09.2019 13:22:37, Text from: 550760548, Text: ддз рег
08.09.2019 13:23:51, Text from: 550760548, Text: {'items': [{'member_id': 506520476, 'invited_by': 506520476, 'join_date': 1566834074, 'is_admin': True, 'is_owner': True}, {'member_id': 349110744, 'can_kick': True, 'invited_by': 380368591, 'join_date': 1560872141}, {'member_id': 361544265, 'can_kick': True, 'invited_by': 403118795, 'join_date': 1560970485}, {'member_id': 402104183, 'can_kick': True, 'invited_by': 506520476, 'join_date': 1561227099}, {'member_id': 227031903, 'can_kick': True, 'invited_by': 123728437, 'join_date': 1561315762}, {'member_id': 183143105, 'can_kick': True, 'invited_by': 506520476, 'join_date': 1561538341}, {'member_id': 271298915, 'can_kick': True, 'invited_by': 286539978, 'join_date': 1562700968}, {'member_id': 519641022, 'can_kick': True, 'invited_by': 123728437, 'join_date': 1562708162}, {'member_id': 340107041, 'can_kick': True, 'invited_by': 466466685, 'join_date': 1562783272}, {'member_id': -174105461, 'invited_by': 506520476, 'join_date': 1563198869, 'is_admin': True}, {'member_id': 550760548, 'invited_by': 552024404, 'join_date': 1563658629, 'is_admin': True}, {'member_id': 267678619, 'can_kick': True, 'invited_by': 135303857, 'join_date': 1563894286}, {'member_id': -166545677, 'invited_by': 550760548, 'join_date': 1564414868, 'is_admin': True}, {'member_id': 334228181, 'can_kick': True, 'invited_by': 123728437, 'join_date': 1564525545}, {'member_id': 225363003, 'can_kick': True, 'invited_by': 123728437, 'join_date': 1564595625}, {'member_id': 171483089, 'can_kick': True, 'invited_by': 120582177, 'join_date': 1564700836}, {'member_id': 356269251, 'can_kick': True, 'invited_by': 403118795, 'join_date': 1564787386}, {'member_id': 274195057, 'can_kick': True, 'invited_by': 403118795, 'join_date': 1565084751}, {'member_id': 368728322, 'can_kick': True, 'invited_by': 123728437, 'join_date': 1565099184}, {'member_id': 364793861, 'can_kick': True, 'invited_by': 340107041, 'join_date': 1565554060}, {'member_id': 504081925, 'can_kick': True, 'invited_by': 135303857, 'join_date': 1565644903}, {'member_id': 194764287, 'can_kick': True, 'invited_by': 403118795, 'join_date': 1565649484}, {'member_id': 337716946, 'can_kick': True, 'invited_by': 443616860, 'join_date': 1565814687}, {'member_id': 492611888, 'can_kick': True, 'invited_by': 123728437, 'join_date': 1565896783}, {'member_id': 354018412, 'can_kick': True, 'invited_by': 123728437, 'join_date': 1565963110}, {'member_id': 318380123, 'can_kick': True, 'invited_by': 551671860, 'join_date': 1566059892}, {'member_id': 120582177, 'can_kick': True, 'invited_by': 404849597, 'join_date': 1566067450}, {'member_id': 135303857, 'can_kick': True, 'invited_by': 340107041, 'join_date': 1566296189}, {'member_id': 466466685, 'can_kick': True, 'invited_by': 402104183, 'join_date': 1566327460}, {'member_id': 327480218, 'can_kick': True, 'invited_by': 286539978, 'join_date': 1566413042}, {'member_id': 273619198, 'can_kick': True, 'invited_by': 506520476, 'join_date': 1566899145}, {'member_id': 123728437, 'can_kick': True, 'invited_by': 506520476, 'join_date': 1567935889}], 'count': 32, 'profiles': [{'id': 120582177, 'first_name': 'Александра', 'last_name': 'Синякова', 'is_closed': False, 'can_access_closed': True, 'sex': 1, 'screen_name': 'loli_nipple', 'photo_50': 'https://sun1-16.userapi.com/c855520/v855520391/e0bfb/bAbrVCP8sbs.jpg?ava=1', 'photo_100': 'https://sun1-20.userapi.com/c855520/v855520391/e0bfa/ZX6w5mRiFhs.jpg?ava=1', 'online': 0, 'online_info': {'visible': True, 'last_seen': 1567938136, 'app_id': 2274003, 'is_mobile': True}}, {'id': 123728437, 'first_name': 'Павел', 'last_name': 'Фролов', 'is_closed': False, 'can_access_closed': True, 'sex': 2, 'screen_name': 'mrkingwarfreme', 'photo_50': 'https://sun1-16.userapi.com/c837528/v837528508/69e86/TmvXigNP4ek.jpg?ava=1', 'photo_100': 'https://sun1-89.userapi.com/c837528/v837528508/69e85/AsSeVascLF0.jpg?ava=1', 'online': 0, 'online_info': {'visible': True, 'last_seen': 1567937396}}, {'id': 135303857, 'first_name': 'Макс', 'last_name': 'Калач', 'is_closed': False, 'can_access_closed': True, 'sex': 2, 'screen_name': 'mykcek_fox', 'photo_50':
08.09.2019 13:23:52, Text from: 550760548, Text: 'https://sun9-10.userapi.com/c851424/v851424087/1a429b/hwR0wAM37co.jpg?ava=1', 'photo_100': 'https://sun9-47.userapi.com/c851424/v851424087/1a429a/OJxGLoyTj1w.jpg?ava=1', 'online': 1, 'online_info': {'visible': True, 'is_online': True}}, {'id': 171483089, 'first_name': 'Дарья', 'last_name': 'Лисовец', 'is_closed': False, 'can_access_closed': True, 'sex': 1, 'screen_name': 'revsynd', 'photo_50': 'https://sun9-43.userapi.com/c850616/v850616601/1a0354/Slu71jIgRFw.jpg?ava=1', 'photo_100': 'https://sun9-55.userapi.com/c850616/v850616601/1a0353/S_tMDQ8BfrQ.jpg?ava=1', 'online': 0, 'online_info': {'visible': True, 'last_seen': 1567936510}}, {'id': 183143105, 'first_name': 'Слава', 'last_name': 'Матвеев', 'is_closed': False, 'can_access_closed': True, 'sex': 2, 'screen_name': 'slep_or_slep', 'photo_50': 'https://sun9-46.userapi.com/c851036/v851036770/980d3/r4TNuH-jQRA.jpg?ava=1', 'photo_100': 'https://sun9-51.userapi.com/c851036/v851036770/980d2/KD25lHbnwmI.jpg?ava=1', 'online': 0, 'online_info': {'visible': True, 'last_seen': 1567937552, 'app_id': 2274003, 'is_mobile': True}}, {'id': 194764287, 'first_name': 'Влад', 'last_name': 'Шевелев', 'is_closed': False, 'can_access_closed': True, 'sex': 2, 'screen_name': 'willka13', 'photo_50': 'https://sun9-45.userapi.com/c854328/v854328416/e0a08/7Acvawtwrdw.jpg?ava=1', 'photo_100': 'https://sun9-59.userapi.com/c854328/v854328416/e0a07/EShom4oIFSk.jpg?ava=1', 'online': 1, 'online_app': 2274003, 'online_mobile': 1, 'online_info': {'visible': True, 'is_online': True, 'app_id': 2274003, 'is_mobile': True}}, {'id': 225363003, 'first_name': 'Евгений', 'last_name': 'Акайкин', 'is_closed': False, 'can_access_closed': True, 'sex': 2, 'screen_name': 'z.akaykin', 'photo_50': 'https://sun9-13.userapi.com/c854420/v854420746/8f9f0/9oeQuL-y-XE.jpg?ava=1', 'photo_100': 'https://sun9-23.userapi.com/c854420/v854420746/8f9ef/SINH5gUy5EA.jpg?ava=1', 'online': 0, 'online_info': {'visible': True, 'last_seen': 1567934936, 'app_id': 2274003, 'is_mobile': True}}, {'id': 227031903, 'first_name': 'Матвей', 'last_name': 'Хитагов', 'is_closed': False, 'can_access_closed': True, 'sex': 2, 'screen_name': 'kurushino_and_bitch_lasagna', 'photo_50': 'https://sun9-43.userapi.com/c854220/v854220777/b5c15/krvCs0h_zY8.jpg?ava=1', 'photo_100': 'https://sun9-25.userapi.com/c854220/v854220777/b5c14/k_qyyHBIq0E.jpg?ava=1', 'online': 0, 'online_info': {'visible': True, 'last_seen': 1567936368, 'app_id': 2274003, 'is_mobile': True}}, {'id': 267678619, 'first_name': 'Дарина', 'last_name': 'Шипицина', 'is_closed': False, 'can_access_closed': True, 'sex': 1, 'screen_name': 'ldoivmey', 'photo_50': 'https://sun1-28.userapi.com/c851536/v851536861/1399d6/RE_FP2ZuVns.jpg?ava=1', 'photo_100': 'https://sun1-85.userapi.com/c851536/v851536861/1399d5/E_5bmS-Yj8c.jpg?ava=1', 'online': 1, 'online_app': 2274003, 'online_mobile': 1, 'online_info': {'visible': True, 'is_online': True, 'app_id': 2274003, 'is_mobile': True}}, {'id': 271298915, 'first_name': 'Виктор', 'last_name': 'Ильиченко', 'is_closed': True, 'can_access_closed': False, 'sex': 2, 'screen_name': 'victaaar', 'photo_50': 'https://sun9-38.userapi.com/c851532/v851532786/14dc86/mifY6ozz-0E.jpg?ava=1', 'photo_100': 'https://sun9-41.userapi.com/c851532/v851532786/14dc85/6aASKZTfZIY.jpg?ava=1', 'online': 0, 'online_info': {'visible': True, 'last_seen': 1567936702, 'app_id': 2274003, 'is_mobile': True}}, {'id': 273619198, 'first_name': 'Станислав', 'last_name': 'Дзансолов', 'is_closed': True, 'can_access_closed': True, 'sex': 2, 'screen_name': 'stasdzansolov', 'photo_50': 'https://sun9-32.userapi.com/c851324/v851324568/16d469/tZ2HFkTA-6U.jpg?ava=1', 'photo_100': 'https://sun9-49.userapi.com/c851324/v851324568/16d468/QSwNhCwfATE.jpg?ava=1', 'online': 0, 'online_info': {'visible': True, 'last_seen': 1567937763}}, {'id': 274195057, 'first_name': 'Виталий', 'last_name': 'Соколиков', 'is_closed': False, 'can_access_closed': True, 'sex': 2, 'screen_name': 'vitaliysokolikov', 'photo_50': 'https://sun9-27.userapi.com/c851124/v851124874/12c8f9/DFK0QwYqUsM.jpg?ava=1', 'photo_100':
08.09.2019 13:23:53, Text from: 550760548, Text: 'https://sun9-38.userapi.com/c851124/v851124874/12c8f8/CAw9RS_22z4.jpg?ava=1', 'online': 0, 'online_info': {'visible': True, 'last_seen': 1567936056, 'app_id': 2274003, 'is_mobile': True}}, {'id': 286539978, 'first_name': 'Диана', 'last_name': 'Рыжкова', 'is_closed': False, 'can_access_closed': True, 'sex': 1, 'screen_name': 'idalyamalseva', 'photo_50': 'https://sun1-88.userapi.com/c850532/v850532680/1a1358/wh3kRdeXlf4.jpg?ava=1', 'photo_100': 'https://sun1-28.userapi.com/c850532/v850532680/1a1357/fiNLt_lk8uE.jpg?ava=1', 'online': 1, 'online_app': 2274003, 'online_mobile': 1, 'online_info': {'visible': True, 'is_online': True, 'app_id': 2274003, 'is_mobile': True}}, {'id': 318380123, 'first_name': 'Александр', 'last_name': 'Горохов', 'is_closed': False, 'can_access_closed': True, 'sex': 2, 'screen_name': 'scarysasha', 'photo_50': 'https://sun9-17.userapi.com/c854020/v854020125/b18c0/erTal5Cp6II.jpg?ava=1', 'photo_100': 'https://sun9-38.userapi.com/c854020/v854020125/b18bf/uPByIMaSCJ0.jpg?ava=1', 'online': 1, 'online_app': 2274003, 'online_mobile': 1, 'online_info': {'visible': True, 'is_online': True, 'app_id': 2274003, 'is_mobile': True}}, {'id': 327480218, 'first_name': 'Кирилл', 'last_name': 'Курганский', 'is_closed': False, 'can_access_closed': True, 'sex': 2, 'screen_name': 'id327480218', 'photo_50': 'https://sun1-88.userapi.com/c854028/v854028464/ea91b/IdkfbhYKcew.jpg?ava=1', 'photo_100': 'https://sun1-22.userapi.com/c854028/v854028464/ea91a/NEQuni9o7bg.jpg?ava=1', 'online': 0, 'online_info': {'visible': True, 'last_seen': 1567936662, 'app_id': 2685278, 'is_mobile': True}}, {'id': 334228181, 'first_name': 'Иван', 'last_name': 'Дикий', 'is_closed': False, 'can_access_closed': True, 'sex': 2, 'screen_name': 'iceray_vk', 'photo_50': 'https://sun9-32.userapi.com/c857636/v857636025/54919/8NjUBHgPwS0.jpg?ava=1', 'photo_100': 'https://sun9-15.userapi.com/c857636/v857636025/54918/378d8RU4i3w.jpg?ava=1', 'online': 1, 'online_info': {'visible': True, 'is_online': True}}, {'id': 337716946, 'first_name': 'София', 'last_name': 'Гольмакова', 'is_closed': True, 'can_access_closed': True, 'sex': 1, 'screen_name': 'ne.sonya', 'photo_50': 'https://sun9-25.userapi.com/c849220/v849220294/1df73b/jxSjEYSCb2U.jpg?ava=1', 'photo_100': 'https://sun9-18.userapi.com/c849220/v849220294/1df73a/54ET3cCyAWw.jpg?ava=1', 'online': 1, 'online_app': 3140623, 'online_mobile': 1, 'online_info': {'visible': True, 'is_online': True, 'app_id': 3140623, 'is_mobile': True}}, {'id': 340107041, 'first_name': 'Ксю', 'last_name': 'Андреева', 'is_closed': False, 'can_access_closed': True, 'sex': 1, 'screen_name': 'kcuandreeva', 'photo_50': 'https://sun9-58.userapi.com/c856136/v856136520/c4d5f/gcKlNmWOeMo.jpg?ava=1', 'photo_100': 'https://sun9-4.userapi.com/c856136/v856136520/c4d5e/0jpRcnEc4Ag.jpg?ava=1', 'online': 1, 'online_app': 2274003, 'online_mobile': 1, 'online_info': {'visible': True, 'is_online': True, 'app_id': 2274003, 'is_mobile': True}}, {'id': 349110744, 'first_name': 'Данил', 'last_name': 'Рашевский', 'is_closed': True, 'can_access_closed': False, 'sex': 2, 'screen_name': 'stiralkatop', 'photo_50': 'https://sun9-39.userapi.com/c853420/v853420856/db05d/8dWvG8o4f18.jpg?ava=1', 'photo_100': 'https://sun9-50.userapi.com/c853420/v853420856/db05c/ygsgxMbj81s.jpg?ava=1', 'online': 0, 'online_info': {'visible': True, 'last_seen': 1567937131, 'app_id': 2274003, 'is_mobile': True}}, {'id': 354018412, 'first_name': 'Юра', 'last_name': 'Кузнецов', 'is_closed': False, 'can_access_closed': True, 'sex': 2, 'screen_name': 'id354018412', 'photo_50': 'https://sun9-53.userapi.com/c855632/v855632805/7acb8/n87AtTRZH_g.jpg?ava=1', 'photo_100': 'https://sun9-57.userapi.com/c855632/v855632805/7acb7/Ykt-PMvj-3g.jpg?ava=1', 'online': 0, 'online_info': {'visible': True, 'last_seen': 1567936569, 'app_id': 2274003, 'is_mobile': True}}, {'id': 356269251, 'first_name': 'Дмитрий', 'last_name': 'Соколов', 'is_closed': False, 'can_access_closed': True, 'sex': 2, 'screen_name': 'shumdeiko', 'photo_50': 'https://sun1-30.userapi.com/c848524/v848524673/1a0806/B2xojrxGqOM.jpg?ava=1',
08.09.2019 13:23:54, Text from: 550760548, Text: 'photo_100': 'https://sun1-24.userapi.com/c848524/v848524673/1a0805/PgL0xu5_0oc.jpg?ava=1', 'online': 0, 'online_info': {'visible': True, 'last_seen': 1567923618}}, {'id': 361544265, 'first_name': 'Тимофей', 'last_name': 'Васильев', 'is_closed': True, 'can_access_closed': False, 'sex': 2, 'screen_name': 'ggwpraky', 'photo_50': 'https://sun9-23.userapi.com/c854328/v854328472/7b3b9/BkiObOXZrTM.jpg?ava=1', 'photo_100': 'https://sun9-22.userapi.com/c854328/v854328472/7b3b8/eR8REc7awO8.jpg?ava=1', 'online': 0, 'online_info': {'visible': True, 'last_seen': 1567925507, 'app_id': 3140623, 'is_mobile': True}}, {'id': 364793861, 'first_name': 'Андрей', 'last_name': 'Изотов', 'is_closed': False, 'can_access_closed': True, 'sex': 2, 'screen_name': 'ruslord2517', 'photo_50': 'https://sun9-18.userapi.com/c847020/v847020817/175056/K1EvvedvqYo.jpg?ava=1', 'photo_100': 'https://sun9-25.userapi.com/c847020/v847020817/175055/xe5LRrlohe8.jpg?ava=1', 'online': 0, 'online_info': {'visible': True, 'last_seen': 1567934958, 'app_id': 2685278, 'is_mobile': True}}, {'id': 368728322, 'first_name': 'Ярослав', 'last_name': 'Шевчик', 'is_closed': False, 'can_access_closed': True, 'sex': 2, 'screen_name': 'y.shevchik', 'photo_50': 'https://sun9-13.userapi.com/c844723/v844723797/20896/IUWDNwR6Yxs.jpg?ava=1', 'photo_100': 'https://sun9-53.userapi.com/c844723/v844723797/20895/04qSCyZh8Sw.jpg?ava=1', 'online': 0, 'online_info': {'visible': True, 'last_seen': 1567883479, 'app_id': 2274003, 'is_mobile': True}}, {'id': 380368591, 'first_name': 'Manas', 'last_name': 'Chyrmashev', 'is_closed': True, 'can_access_closed': False, 'sex': 2, 'screen_name': 'id380368591', 'photo_50': 'https://sun1-22.userapi.com/c857628/v857628582/4637c/Gc81ctqj5fA.jpg?ava=1', 'photo_100': 'https://sun1-19.userapi.com/c857628/v857628582/4637b/2o9PMHtPYI8.jpg?ava=1', 'online': 0, 'online_info': {'visible': True, 'last_seen': 1567932281, 'app_id': 2274003, 'is_mobile': True}}, {'id': 402104183, 'first_name': 'Андрей', 'last_name': 'Гелиусов', 'is_closed': False, 'can_access_closed': True, 'sex': 2, 'screen_name': 'geliusk', 'photo_50': 'https://sun9-59.userapi.com/c858424/v858424899/50c09/5ICl9OwhIbM.jpg?ava=1', 'photo_100': 'https://sun9-17.userapi.com/c858424/v858424899/50c08/RFlDCXTWMns.jpg?ava=1', 'online': 1, 'online_info': {'visible': True, 'is_online': True}}, {'id': 403118795, 'first_name': 'Александр', 'last_name': 'Рыжков', 'is_closed': False, 'can_access_closed': True, 'sex': 2, 'screen_name': '00x000000', 'photo_50': 'https://sun9-38.userapi.com/c855536/v855536062/d4368/iWfPJaelCY8.jpg?ava=1', 'photo_100': 'https://sun9-40.userapi.com/c855536/v855536062/d4367/UXWaLO-NsMI.jpg?ava=1', 'online': 0, 'online_info': {'visible': True, 'last_seen': 1567930106, 'app_id': 2274003, 'is_mobile': True}}, {'id': 404849597, 'first_name': 'Баштыркин', 'last_name': 'Сергей', 'is_closed': False, 'can_access_closed': True, 'sex': 2, 'screen_name': 'ubermenscn', 'photo_50': 'https://sun9-14.userapi.com/c857628/v857628273/62edc/l3CwNqpXLY4.jpg?ava=1', 'photo_100': 'https://sun9-57.userapi.com/c857628/v857628273/62edb/z5JZG-H3UiQ.jpg?ava=1', 'online': 0, 'online_info': {'visible': True, 'last_seen': 1567872215, 'app_id': 3140623, 'is_mobile': True}}, {'id': 443616860, 'first_name': 'Никита', 'last_name': 'Репях', 'is_closed': True, 'can_access_closed': False, 'sex': 2, 'screen_name': 'popio9', 'photo_50': 'https://sun1-26.userapi.com/c855624/v855624753/e7375/uzsnBA2x6G4.jpg?ava=1', 'photo_100': 'https://sun1-84.userapi.com/c855624/v855624753/e7374/l93YUMwL410.jpg?ava=1', 'online': 1, 'online_app': 2274003, 'online_mobile': 1, 'online_info': {'visible': True, 'is_online': True, 'app_id': 2274003, 'is_mobile': True}}, {'id': 466466685, 'first_name': 'Александра', 'last_name': 'Гроссман', 'is_closed': False, 'can_access_closed': True, 'sex': 1, 'screen_name': 'lelsukanahui', 'photo_50': 'https://sun9-18.userapi.com/c850228/v850228553/1be9ff/2W5O-nECfs4.jpg?ava=1', 'photo_100': 'https://sun9-49.userapi.com/c850228/v850228553/1be9fe/AD4AmqQJIr8.jpg?ava=1', 'online': 0, 'online_info': {'visible':
08.09.2019 13:23:55, Text from: 550760548, Text: True, 'last_seen': 1567938113, 'app_id': 2685278, 'is_mobile': True}}, {'id': 492611888, 'first_name': 'Иван', 'last_name': 'Братишкин', 'is_closed': False, 'can_access_closed': True, 'sex': 2, 'screen_name': 'onebrff', 'photo_50': 'https://sun1-26.userapi.com/c858320/v858320330/4fd4f/vXlVgulNQcc.jpg?ava=1', 'photo_100': 'https://sun1-27.userapi.com/c858320/v858320330/4fd4e/4AU_efzzk0Q.jpg?ava=1', 'online': 0, 'online_info': {'visible': True, 'last_seen': 1567929079, 'app_id': 2274003, 'is_mobile': True}}, {'id': 504081925, 'first_name': 'Дьявол', 'last_name': 'Ебучий', 'is_closed': False, 'can_access_closed': True, 'sex': 1, 'screen_name': 'id504081925', 'photo_50': 'https://sun9-7.userapi.com/c849428/v849428435/1bb145/UIAY3BDSy_Q.jpg?ava=1', 'photo_100': 'https://sun9-49.userapi.com/c849428/v849428435/1bb144/utvCoBbtcJ4.jpg?ava=1', 'online': 0, 'online_info': {'visible': True, 'last_seen': 1567937352, 'app_id': 2274003, 'is_mobile': True}}, {'id': 506520476, 'first_name': 'Няша', 'last_name': 'Кавайняша', 'is_closed': False, 'can_access_closed': True, 'sex': 2, 'screen_name': 'id506520476', 'photo_50': 'https://sun1-29.userapi.com/c854028/v854028785/cc433/G_nudWWrGGk.jpg?ava=1', 'photo_100': 'https://sun1-23.userapi.com/c854028/v854028785/cc432/flKd09iNxew.jpg?ava=1', 'online': 0, 'online_info': {'visible': True, 'last_seen': 1567936570, 'app_id': 2274003, 'is_mobile': True}}, {'id': 519641022, 'first_name': 'Ghost', 'last_name': 'Haist', 'is_closed': False, 'can_access_closed': True, 'sex': 2, 'screen_name': 'ghost_haist', 'photo_50': 'https://sun9-12.userapi.com/c852128/v852128683/59869/-Lfm-Xpezf8.jpg?ava=1', 'photo_100': 'https://sun9-8.userapi.com/c852128/v852128683/59868/R3HMtoyPHfc.jpg?ava=1', 'online': 0, 'online_info': {'visible': True, 'last_seen': 1567892294, 'app_id': 2685278, 'is_mobile': True}}, {'id': 550760548, 'first_name': 'Китай', 'last_name': 'Лейн', 'is_closed': False, 'can_access_closed': True, 'sex': 2, 'screen_name': 'id550760548', 'photo_50': 'https://sun9-40.userapi.com/c850732/v850732613/15b889/wPEP3HWN1aA.jpg?ava=1', 'photo_100': 'https://sun9-53.userapi.com/c850732/v850732613/15b888/WD07hXal_zY.jpg?ava=1', 'online': 1, 'online_info': {'visible': True, 'is_online': True}}, {'id': 551671860, 'first_name': 'Павел', 'last_name': 'Чацкий', 'deactivated': 'deleted', 'photo_50': 'https://vk.com/images/deactivated_50.png', 'photo_100': 'https://vk.com/images/deactivated_100.png', 'sex': 2, 'online': 0, 'online_info': {'visible': True}}, {'id': 552024404, 'first_name': 'Аксентий', 'last_name': 'Ефимов', 'deactivated': 'deleted', 'photo_50': 'https://vk.com/images/deactivated_50.png', 'photo_100': 'https://vk.com/images/deactivated_100.png', 'sex': 2, 'online': 0, 'online_info': {'visible': True}}], 'groups': [{'id': 166545677, 'name': 'Доски для твоего забора', 'screen_name': 'lolidro4', 'is_closed': 0, 'type': 'group', 'photo_50': 'https://sun1-22.userapi.com/c853524/v853524410/a393b/-dHOP0j-hOs.jpg?ava=1', 'photo_100': 'https://sun1-84.userapi.com/c853524/v853524410/a393a/gZuc92xaar4.jpg?ava=1', 'photo_200': 'https://sun1-26.userapi.com/c853524/v853524410/a3939/eHsXEqjmdRs.jpg?ava=1'}, {'id': 174105461, 'name': 'Iris | Чат-менеджер', 'screen_name': 'iris_cm', 'is_closed': 0, 'type': 'page', 'photo_50': 'https://sun1-30.userapi.com/c849124/v849124504/c05a0/u_JHYnbAAEU.jpg?ava=1', 'photo_100': 'https://sun1-16.userapi.com/c849124/v849124504/c059f/9-ctdmjy_Dc.jpg?ava=1', 'photo_200': 'https://sun1-30.userapi.com/c849124/v849124504/c059e/r0sIPhYhNTw.jpg?ava=1'}]}
08.09.2019 13:24:10, Text from: 550760548, Text: неплохо
08.09.2019 13:55:33, Text from: 550760548, Text: ддз рег
08.09.2019 13:55:38, Text from: 550760548, Text: юю
08.09.2019 13:56:05, Text from: 550760548, Text: ..
08.09.2019 13:56:10, Text from: 550760548, Text: ддз рег
08.09.2019 13:57:06, Text from: 550760548, Text: ддз рег
08.09.2019 13:58:31, Text from: 550760548, Text: //
08.09.2019 13:58:42, Text from: 550760548, Text: ддз рег
08.09.2019 13:59:07, Text from: 550760548, Text: ..\
08.09.2019 14:00:30, Text from: 550760548, Text: ддз рег
08.09.2019 14:00:34, Text from: 550760548, Text: ..
08.09.2019 14:01:46, Text from: 550760548, Text: ддз рег
08.09.2019 14:01:51, Text from: 550760548, Text: ..\
08.09.2019 14:03:05, Text from: 550760548, Text: ддз рег
08.09.2019 14:03:10, Text from: 550760548, Text: сук
08.09.2019 14:04:03, Text from: 550760548, Text: ддз рег
08.09.2019 14:06:47, Text from: 122456238, Text: осциллограф
08.09.2019 14:09:48, Text from: 550760548, Text: //
08.09.2019 14:09:52, Text from: 550760548, Text: ддз рег
08.09.2019 14:10:50, Text from: 537014649, Text: Жыза кста
08.09.2019 14:10:50, Text from: 537014649, Text: Жыза кста
08.09.2019 14:10:57, Text from: 550760548, Text: ддз рег
08.09.2019 14:11:03, Text from: 550760548, Text: ддз рег
08.09.2019 14:11:05, Text from: 550760548, Text: ..
08.09.2019 14:11:12, Text from: 550760548, Text: ддз рег
08.09.2019 14:12:53, Text from: 550760548, Text: ддз рег
08.09.2019 14:12:57, Text from: 550760548, Text: лол
08.09.2019 14:14:33, Text from: 550760548, Text: ддз рег
08.09.2019 14:16:39, Text from: 506520476, Text: Ддз повысить [id550760548|@id550760548]
08.09.2019 14:18:37, Text from: 550760548, Text: ддз рег
08.09.2019 14:19:53, Text from: 113711348, Text: Не весь же
08.09.2019 14:19:59, Text from: 113711348, Text: Она говорила что то конкретное выучить
08.09.2019 14:21:17, Text from: 506520476, Text: Ддз рег [id550760548|@id550760548]
08.09.2019 14:21:29, Text from: 506520476, Text: Ддз повысить [id550760548|@id550760548]
08.09.2019 14:55:40, Text from: 250040435, Text: Крч, те кто из моей подгруппы не инвалид, должны зарегаться на сайте гто и завтра заполнить бланки которые я вам наверное раздам с уникальным номером здоровья, и отдать их мне, иначе вячеслав анисимович может лично за ними прийти
08.09.2019 14:55:47, Text from: 506520476, Text: Ддз рег
08.09.2019 14:56:04, Text from: 113711348, Text: Как понять кто инвалид?
08.09.2019 14:56:10, Text from: 113711348, Text: Я могу считать снбя за инвалида?
08.09.2019 14:58:27, Text from: 273619198, Text: только основная группа здоровья
08.09.2019 15:05:59, Text from: 506520476, Text: Ддз рег
08.09.2019 15:06:25, Text from: 506520476, Text: Ддз повысить [id550760548|@id550760548]
08.09.2019 15:08:44, Text from: 506520476, Text: Ддз рег
08.09.2019 15:08:50, Text from: 506520476, Text: ..
08.09.2019 15:08:56, Text from: 506520476, Text: Ддз рег
08.09.2019 15:09:15, Text from: 506520476, Text: Ддз рег
06.10.2019 17:42:08, Text from: 506520476, Text: None
06.10.2019 17:42:14, Text from: 506520476, Text: None
06.10.2019 17:42:16, Text from: 506520476, Text: лицензия
06.10.2019 17:42:16, Text from: -166545677, Text: Простите, я вас не поняла... Напишите Пак или Начать
06.10.2019 17:42:23, Text from: 506520476, Text: None
06.10.2019 17:42:25, Text from: 506520476, Text: лицензия
06.10.2019 17:42:25, Text from: -166545677, Text: Простите, я вас не поняла... Напишите Пак или Начать
06.10.2019 17:42:28, Text from: 506520476, Text: None
06.10.2019 17:42:31, Text from: 506520476, Text: Лицензия
06.10.2019 17:42:31, Text from: -166545677, Text: Простите, я вас не поняла... Напишите Пак или Начать
06.10.2019 17:42:58, Text from: 506520476, Text: None
06.10.2019 17:43:00, Text from: 506520476, Text: kbwtypbz
06.10.2019 17:43:01, Text from: -166545677, Text: Простите, я вас не поняла... Напишите Пак или Начать
06.10.2019 17:43:01, Text from: -166545677, Text: Простите, я вас не поняла... Напишите Пак или Начать
06.10.2019 17:43:02, Text from: 506520476, Text: None
06.10.2019 17:43:06, Text from: 506520476, Text: лицензия
06.10.2019 17:43:06, Text from: -166545677, Text: Простите, я вас не поняла... Напишите Пак или Начать
06.10.2019 17:44:08, Text from: 506520476, Text: None
06.10.2019 17:44:12, Text from: 506520476, Text: лицензия
06.10.2019 17:44:12, Text from: -166545677, Text: Простите, я вас не поняла... Напишите Пак или Начать
06.10.2019 17:45:00, Text from: 506520476, Text: None
06.10.2019 17:45:05, Text from: 506520476, Text: лицензия
06.10.2019 17:45:05, Text from: -166545677, Text: Простите, я вас не поняла... Напишите Пак или Начать
06.10.2019 22:08:42, Text from: 506520476, Text: None
06.10.2019 22:08:47, Text from: 506520476, Text: None
06.10.2019 22:08:47, Text from: 506520476, Text: Лицензия лохб лохб
06.10.2019 22:08:50, Text from: -166545677, Text: 
06.10.2019 22:08:50, Text from: -166545677, Text: Простите, я вас не поняла... Напишите Пак или Начать
13.10.2019 23:23:42, Text from: 506520476, Text: None
13.10.2019 23:23:48, Text from: 506520476, Text: None
02.01.2020 12:21:31, Text from: 506520476, Text: Ддз рег
02.01.2020 12:22:06, Text from: 506520476, Text: Ддз рег
02.01.2020 12:22:12, Text from: 506520476, Text: 
02.01.2020 12:22:46, Text from: 506520476, Text: Ддз рег
02.01.2020 12:22:54, Text from: 506520476, Text: Я ебал
02.01.2020 12:23:57, Text from: 506520476, Text: Ддз рег
02.01.2020 12:24:03, Text from: 506520476, Text: .
02.01.2020 12:24:47, Text from: 506520476, Text: Ддз рег
02.01.2020 12:25:10, Text from: 506520476, Text: Ддз рег
02.01.2020 12:25:49, Text from: 506520476, Text: Ддз рег
02.01.2020 12:30:41, Text from: 506520476, Text: Ддз рег
02.01.2020 12:31:12, Text from: 506520476, Text: Ддз рег
02.01.2020 12:41:02, Text from: 506520476, Text: Ддз рег
02.01.2020 12:41:08, Text from: 506520476, Text: Хм блять
02.01.2020 12:44:16, Text from: 506520476, Text: Ддз рег
02.01.2020 15:54:32, Text from: 506520476, Text: ддз повысить [id550760548|Китай]
02.01.2020 16:44:18, Text from: 550760548, Text: Ддз рег
02.01.2020 16:44:23, Text from: 550760548, Text: Ддз роль
02.01.2020 16:44:38, Text from: 506520476, Text: ддз повысить [id550760548|Китай]
02.01.2020 16:44:46, Text from: 550760548, Text: Ддз роль
02.01.2020 16:44:51, Text from: 550760548, Text: Сука
02.01.2020 16:45:27, Text from: 506520476, Text: а бля понял
02.01.2020 16:46:27, Text from: None, Text: None
02.01.2020 16:46:29, Text from: 506520476, Text: ддз повысить [id550760548|Китай]
02.01.2020 16:46:34, Text from: 550760548, Text: Ддз роль
02.01.2020 16:46:38, Text from: 550760548, Text: Даааа блять
02.01.2020 16:46:47, Text from: 550760548, Text: Сосите все, кто не верил в меня
